

Started GET "/" for ::1 at 2016-06-03 11:42:04 -0700
Processing by Rails::WelcomeController#index as HTML
  Rendered /Users/learn/.rvm/gems/ruby-2.2.2/gems/railties-4.2.6/lib/rails/templates/rails/welcome/index.html.erb (1.5ms)
Completed 200 OK in 26ms (Views: 18.1ms | ActiveRecord: 0.0ms)


Started GET "/" for ::1 at 2016-06-03 11:44:41 -0700
Processing by Rails::WelcomeController#index as HTML
  Rendered /Users/learn/.rvm/gems/ruby-2.2.2/gems/railties-4.2.6/lib/rails/templates/rails/welcome/index.html.erb (1.1ms)
Completed 200 OK in 15ms (Views: 7.2ms | ActiveRecord: 0.0ms)


Started GET "/" for ::1 at 2016-06-03 12:03:17 -0700
Processing by Rails::WelcomeController#index as HTML
  Rendered /Users/learn/.rvm/gems/ruby-2.2.2/gems/railties-4.2.6/lib/rails/templates/rails/welcome/index.html.erb (1.1ms)
Completed 200 OK in 15ms (Views: 7.8ms | ActiveRecord: 0.0ms)


Started GET "/" for ::1 at 2016-06-03 13:32:14 -0700
Processing by CarsController#index as HTML
  Rendered cars/index.html.erb within layouts/application (0.3ms)
Completed 200 OK in 454ms (Views: 452.9ms | ActiveRecord: 0.0ms)


Started GET "/assets/cars.self-e3b0c44298fc1c149afbf4c8996fb92427ae41e4649b934ca495991b7852b855.css?body=1" for ::1 at 2016-06-03 13:32:14 -0700


Started GET "/assets/cars.self-877aef30ae1b040ab8a3aba4e3e309a11d7f2612f44dde450b5c157aa5f95c05.js?body=1" for ::1 at 2016-06-03 13:32:14 -0700


Started GET "/assets/jquery.self-660adc51e0224b731d29f575a6f1ec167ba08ad06ed5deca4f1e8654c135bf4c.js?body=1" for ::1 at 2016-06-03 13:32:14 -0700


Started GET "/assets/turbolinks.self-c37727e9bd6b2735da5c311aa83fead54ed0be6cc8bd9a65309e9c5abe2cbfff.js?body=1" for ::1 at 2016-06-03 13:32:14 -0700


Started GET "/assets/application.self-e80e8f2318043e8af94dddc2adad5a4f09739a8ebb323b3ab31cd71d45fd9113.css?body=1" for ::1 at 2016-06-03 13:32:14 -0700


Started GET "/assets/jquery_ujs.self-e87806d0cf4489aeb1bb7288016024e8de67fd18db693fe026fe3907581e53cd.js?body=1" for ::1 at 2016-06-03 13:32:14 -0700


Started GET "/assets/application.self-3b8dabdc891efe46b9a144b400ad69e37d7e5876bdc39dee783419a69d7ca819.js?body=1" for ::1 at 2016-06-03 13:32:14 -0700


Started GET "/" for ::1 at 2016-06-03 13:38:10 -0700
Processing by CarsController#index as HTML
  Rendered cars/index.html.erb within layouts/application (0.3ms)
Completed 200 OK in 14ms (Views: 13.4ms | ActiveRecord: 0.0ms)


Started GET "/assets/cars.self-e3b0c44298fc1c149afbf4c8996fb92427ae41e4649b934ca495991b7852b855.css?body=1" for ::1 at 2016-06-03 13:38:10 -0700


Started GET "/assets/turbolinks.self-c37727e9bd6b2735da5c311aa83fead54ed0be6cc8bd9a65309e9c5abe2cbfff.js?body=1" for ::1 at 2016-06-03 13:38:10 -0700


Started GET "/assets/jquery.self-660adc51e0224b731d29f575a6f1ec167ba08ad06ed5deca4f1e8654c135bf4c.js?body=1" for ::1 at 2016-06-03 13:38:10 -0700


Started GET "/assets/jquery_ujs.self-e87806d0cf4489aeb1bb7288016024e8de67fd18db693fe026fe3907581e53cd.js?body=1" for ::1 at 2016-06-03 13:38:10 -0700


Started GET "/assets/application.self-e80e8f2318043e8af94dddc2adad5a4f09739a8ebb323b3ab31cd71d45fd9113.css?body=1" for ::1 at 2016-06-03 13:38:10 -0700


Started GET "/assets/cars.self-877aef30ae1b040ab8a3aba4e3e309a11d7f2612f44dde450b5c157aa5f95c05.js?body=1" for ::1 at 2016-06-03 13:38:10 -0700


Started GET "/assets/application.self-3b8dabdc891efe46b9a144b400ad69e37d7e5876bdc39dee783419a69d7ca819.js?body=1" for ::1 at 2016-06-03 13:38:10 -0700


Started GET "/" for ::1 at 2016-06-03 13:38:34 -0700
Processing by CarsController#index as HTML
  Rendered cars/index.html.erb within layouts/application (0.4ms)
Completed 200 OK in 27ms (Views: 27.0ms | ActiveRecord: 0.0ms)


Started GET "/assets/cars.self-e3b0c44298fc1c149afbf4c8996fb92427ae41e4649b934ca495991b7852b855.css?body=1" for ::1 at 2016-06-03 13:38:34 -0700


Started GET "/assets/application.self-e80e8f2318043e8af94dddc2adad5a4f09739a8ebb323b3ab31cd71d45fd9113.css?body=1" for ::1 at 2016-06-03 13:38:34 -0700


Started GET "/assets/turbolinks.self-c37727e9bd6b2735da5c311aa83fead54ed0be6cc8bd9a65309e9c5abe2cbfff.js?body=1" for ::1 at 2016-06-03 13:38:34 -0700


Started GET "/assets/cars.self-877aef30ae1b040ab8a3aba4e3e309a11d7f2612f44dde450b5c157aa5f95c05.js?body=1" for ::1 at 2016-06-03 13:38:34 -0700


Started GET "/assets/jquery.self-660adc51e0224b731d29f575a6f1ec167ba08ad06ed5deca4f1e8654c135bf4c.js?body=1" for ::1 at 2016-06-03 13:38:34 -0700


Started GET "/assets/jquery_ujs.self-e87806d0cf4489aeb1bb7288016024e8de67fd18db693fe026fe3907581e53cd.js?body=1" for ::1 at 2016-06-03 13:38:34 -0700


Started GET "/assets/application.self-3b8dabdc891efe46b9a144b400ad69e37d7e5876bdc39dee783419a69d7ca819.js?body=1" for ::1 at 2016-06-03 13:38:34 -0700


Started GET "/" for ::1 at 2016-06-03 13:45:25 -0700
Processing by CarsController#index as HTML
  Rendered cars/index.html.erb within layouts/application (0.3ms)
Completed 200 OK in 15ms (Views: 14.1ms | ActiveRecord: 0.0ms)


Started GET "/assets/cars.self-e3b0c44298fc1c149afbf4c8996fb92427ae41e4649b934ca495991b7852b855.css?body=1" for ::1 at 2016-06-03 13:45:25 -0700


Started GET "/assets/application.self-e80e8f2318043e8af94dddc2adad5a4f09739a8ebb323b3ab31cd71d45fd9113.css?body=1" for ::1 at 2016-06-03 13:45:25 -0700


Started GET "/assets/jquery_ujs.self-e87806d0cf4489aeb1bb7288016024e8de67fd18db693fe026fe3907581e53cd.js?body=1" for ::1 at 2016-06-03 13:45:25 -0700


Started GET "/assets/cars.self-877aef30ae1b040ab8a3aba4e3e309a11d7f2612f44dde450b5c157aa5f95c05.js?body=1" for ::1 at 2016-06-03 13:45:25 -0700


Started GET "/assets/jquery.self-660adc51e0224b731d29f575a6f1ec167ba08ad06ed5deca4f1e8654c135bf4c.js?body=1" for ::1 at 2016-06-03 13:45:25 -0700


Started GET "/assets/turbolinks.self-c37727e9bd6b2735da5c311aa83fead54ed0be6cc8bd9a65309e9c5abe2cbfff.js?body=1" for ::1 at 2016-06-03 13:45:25 -0700


Started GET "/assets/application.self-3b8dabdc891efe46b9a144b400ad69e37d7e5876bdc39dee783419a69d7ca819.js?body=1" for ::1 at 2016-06-03 13:45:25 -0700


Started GET "/" for ::1 at 2016-06-03 13:47:55 -0700
Processing by CarsController#index as HTML
  Rendered cars/index.html.erb within layouts/application (0.0ms)
Completed 200 OK in 22ms (Views: 21.3ms | ActiveRecord: 0.0ms)


Started GET "/assets/cars.self-e3b0c44298fc1c149afbf4c8996fb92427ae41e4649b934ca495991b7852b855.css?body=1" for ::1 at 2016-06-03 13:47:55 -0700


Started GET "/assets/jquery.self-660adc51e0224b731d29f575a6f1ec167ba08ad06ed5deca4f1e8654c135bf4c.js?body=1" for ::1 at 2016-06-03 13:47:55 -0700


Started GET "/assets/jquery_ujs.self-e87806d0cf4489aeb1bb7288016024e8de67fd18db693fe026fe3907581e53cd.js?body=1" for ::1 at 2016-06-03 13:47:55 -0700


Started GET "/assets/cars.self-877aef30ae1b040ab8a3aba4e3e309a11d7f2612f44dde450b5c157aa5f95c05.js?body=1" for ::1 at 2016-06-03 13:47:55 -0700


Started GET "/assets/turbolinks.self-c37727e9bd6b2735da5c311aa83fead54ed0be6cc8bd9a65309e9c5abe2cbfff.js?body=1" for ::1 at 2016-06-03 13:47:55 -0700


Started GET "/assets/application.self-e80e8f2318043e8af94dddc2adad5a4f09739a8ebb323b3ab31cd71d45fd9113.css?body=1" for ::1 at 2016-06-03 13:47:55 -0700


Started GET "/assets/application.self-3b8dabdc891efe46b9a144b400ad69e37d7e5876bdc39dee783419a69d7ca819.js?body=1" for ::1 at 2016-06-03 13:47:55 -0700


Started GET "/?make=poo&model_year=2000" for ::1 at 2016-06-03 13:57:46 -0700
Processing by CarsController#index as HTML
  Parameters: {"make"=>"poo", "model_year"=>"2000"}
  Rendered cars/index.html.erb within layouts/application (0.7ms)
Completed 200 OK in 23ms (Views: 21.6ms | ActiveRecord: 0.0ms)


Started GET "/?make=acura&model_year=3006" for ::1 at 2016-06-03 13:59:02 -0700
Processing by CarsController#index as HTML
  Parameters: {"make"=>"acura", "model_year"=>"3006"}
  Rendered cars/index.html.erb within layouts/application (0.0ms)
Completed 200 OK in 16ms (Views: 15.3ms | ActiveRecord: 0.0ms)


Started GET "/?make=acura&model_year=32939" for ::1 at 2016-06-03 14:12:52 -0700
Processing by CarsController#index as HTML
  Parameters: {"make"=>"acura", "model_year"=>"32939"}
  Rendered cars/index.html.erb within layouts/application (0.3ms)
Completed 200 OK in 14ms (Views: 13.8ms | ActiveRecord: 0.0ms)


Started GET "/cars/create?make=&model_year=" for ::1 at 2016-06-03 14:12:54 -0700
Processing by CarsController#create as HTML
  Parameters: {"make"=>"", "model_year"=>""}
  Rendered cars/create.html.erb within layouts/application (0.3ms)
Completed 200 OK in 14ms (Views: 12.9ms | ActiveRecord: 0.0ms)


Started GET "/cars/create?make=&model_year=" for ::1 at 2016-06-03 14:13:20 -0700
Processing by CarsController#create as HTML
  Parameters: {"make"=>"", "model_year"=>""}
  Rendered cars/create.html.erb within layouts/application (0.4ms)
Completed 200 OK in 15ms (Views: 14.4ms | ActiveRecord: 0.0ms)


Started GET "/assets/cars.self-e3b0c44298fc1c149afbf4c8996fb92427ae41e4649b934ca495991b7852b855.css?body=1" for ::1 at 2016-06-03 14:13:20 -0700


Started GET "/assets/application.self-e80e8f2318043e8af94dddc2adad5a4f09739a8ebb323b3ab31cd71d45fd9113.css?body=1" for ::1 at 2016-06-03 14:13:20 -0700


Started GET "/assets/cars.self-877aef30ae1b040ab8a3aba4e3e309a11d7f2612f44dde450b5c157aa5f95c05.js?body=1" for ::1 at 2016-06-03 14:13:20 -0700


Started GET "/assets/jquery.self-660adc51e0224b731d29f575a6f1ec167ba08ad06ed5deca4f1e8654c135bf4c.js?body=1" for ::1 at 2016-06-03 14:13:20 -0700


Started GET "/assets/turbolinks.self-c37727e9bd6b2735da5c311aa83fead54ed0be6cc8bd9a65309e9c5abe2cbfff.js?body=1" for ::1 at 2016-06-03 14:13:20 -0700


Started GET "/assets/jquery_ujs.self-e87806d0cf4489aeb1bb7288016024e8de67fd18db693fe026fe3907581e53cd.js?body=1" for ::1 at 2016-06-03 14:13:20 -0700


Started GET "/assets/application.self-3b8dabdc891efe46b9a144b400ad69e37d7e5876bdc39dee783419a69d7ca819.js?body=1" for ::1 at 2016-06-03 14:13:20 -0700


Started GET "/cars/create?make=&model_year=" for ::1 at 2016-06-03 14:13:52 -0700
Processing by CarsController#create as HTML
  Parameters: {"make"=>"", "model_year"=>""}
  Rendered cars/create.html.erb within layouts/application (0.3ms)
Completed 200 OK in 15ms (Views: 14.9ms | ActiveRecord: 0.0ms)


Started GET "/assets/cars.self-e3b0c44298fc1c149afbf4c8996fb92427ae41e4649b934ca495991b7852b855.css?body=1" for ::1 at 2016-06-03 14:13:52 -0700


Started GET "/assets/turbolinks.self-c37727e9bd6b2735da5c311aa83fead54ed0be6cc8bd9a65309e9c5abe2cbfff.js?body=1" for ::1 at 2016-06-03 14:13:52 -0700


Started GET "/assets/application.self-e80e8f2318043e8af94dddc2adad5a4f09739a8ebb323b3ab31cd71d45fd9113.css?body=1" for ::1 at 2016-06-03 14:13:52 -0700


Started GET "/assets/jquery.self-660adc51e0224b731d29f575a6f1ec167ba08ad06ed5deca4f1e8654c135bf4c.js?body=1" for ::1 at 2016-06-03 14:13:52 -0700


Started GET "/assets/cars.self-877aef30ae1b040ab8a3aba4e3e309a11d7f2612f44dde450b5c157aa5f95c05.js?body=1" for ::1 at 2016-06-03 14:13:52 -0700


Started GET "/assets/jquery_ujs.self-e87806d0cf4489aeb1bb7288016024e8de67fd18db693fe026fe3907581e53cd.js?body=1" for ::1 at 2016-06-03 14:13:52 -0700


Started GET "/assets/application.self-3b8dabdc891efe46b9a144b400ad69e37d7e5876bdc39dee783419a69d7ca819.js?body=1" for ::1 at 2016-06-03 14:13:52 -0700


Started GET "/" for ::1 at 2016-06-03 14:14:49 -0700
Processing by CarsController#index as HTML
  Rendered cars/index.html.erb within layouts/application (0.0ms)
Completed 200 OK in 14ms (Views: 13.2ms | ActiveRecord: 0.0ms)


Started GET "/cars/create?make=acura&model_year=8383" for ::1 at 2016-06-03 14:14:54 -0700
Processing by CarsController#create as HTML
  Parameters: {"make"=>"acura", "model_year"=>"8383"}
  Rendered cars/create.html.erb within layouts/application (0.1ms)
Completed 200 OK in 13ms (Views: 12.3ms | ActiveRecord: 0.0ms)


Started GET "/" for ::1 at 2016-06-03 14:18:08 -0700
Processing by CarsController#index as HTML
  Rendered cars/index.html.erb within layouts/application (0.0ms)
Completed 200 OK in 12ms (Views: 11.7ms | ActiveRecord: 0.0ms)


Started GET "/cars/create?make=acura&model_year=2001" for ::1 at 2016-06-03 14:19:01 -0700
Processing by CarsController#create as HTML
  Parameters: {"make"=>"acura", "model_year"=>"2001"}
  Rendered cars/create.html.erb within layouts/application (0.1ms)
Completed 200 OK in 12ms (Views: 11.1ms | ActiveRecord: 0.0ms)


Started GET "/" for ::1 at 2016-06-03 14:31:13 -0700
Processing by CarsController#index as HTML
  Rendered cars/index.html.erb within layouts/application (0.0ms)
Completed 200 OK in 15ms (Views: 14.0ms | ActiveRecord: 0.0ms)


Started GET "/cars/create?make=Acura&model_year=2004" for ::1 at 2016-06-03 14:33:09 -0700
Processing by CarsController#create as HTML
  Parameters: {"make"=>"Acura", "model_year"=>"2004"}
  Rendered cars/create.html.erb within layouts/application (0.1ms)
Completed 200 OK in 14ms (Views: 12.7ms | ActiveRecord: 0.0ms)


Started GET "/cars/create?make=Acura&model_year=2004" for ::1 at 2016-06-03 14:36:38 -0700
Processing by CarsController#create as HTML
  Parameters: {"make"=>"Acura", "model_year"=>"2004"}
  Rendered cars/create.html.erb within layouts/application (0.6ms)
Completed 200 OK in 19ms (Views: 18.0ms | ActiveRecord: 0.0ms)


Started GET "/assets/cars.self-e3b0c44298fc1c149afbf4c8996fb92427ae41e4649b934ca495991b7852b855.css?body=1" for ::1 at 2016-06-03 14:36:38 -0700


Started GET "/assets/jquery.self-660adc51e0224b731d29f575a6f1ec167ba08ad06ed5deca4f1e8654c135bf4c.js?body=1" for ::1 at 2016-06-03 14:36:38 -0700


Started GET "/assets/application.self-e80e8f2318043e8af94dddc2adad5a4f09739a8ebb323b3ab31cd71d45fd9113.css?body=1" for ::1 at 2016-06-03 14:36:38 -0700


Started GET "/assets/jquery_ujs.self-e87806d0cf4489aeb1bb7288016024e8de67fd18db693fe026fe3907581e53cd.js?body=1" for ::1 at 2016-06-03 14:36:38 -0700


Started GET "/assets/application.self-3b8dabdc891efe46b9a144b400ad69e37d7e5876bdc39dee783419a69d7ca819.js?body=1" for ::1 at 2016-06-03 14:36:38 -0700


Started GET "/assets/turbolinks.self-c37727e9bd6b2735da5c311aa83fead54ed0be6cc8bd9a65309e9c5abe2cbfff.js?body=1" for ::1 at 2016-06-03 14:36:38 -0700


Started GET "/assets/cars.self-877aef30ae1b040ab8a3aba4e3e309a11d7f2612f44dde450b5c157aa5f95c05.js?body=1" for ::1 at 2016-06-03 14:36:38 -0700


Started GET "/cars/create?make=Acura&model_year=2004" for ::1 at 2016-06-03 14:43:08 -0700
Processing by CarsController#create as HTML
  Parameters: {"make"=>"Acura", "model_year"=>"2004"}
  Rendered cars/create.html.erb within layouts/application (0.1ms)
Completed 200 OK in 13ms (Views: 12.8ms | ActiveRecord: 0.0ms)


Started GET "/assets/application.self-e80e8f2318043e8af94dddc2adad5a4f09739a8ebb323b3ab31cd71d45fd9113.css?body=1" for ::1 at 2016-06-03 14:43:08 -0700


Started GET "/assets/jquery.self-660adc51e0224b731d29f575a6f1ec167ba08ad06ed5deca4f1e8654c135bf4c.js?body=1" for ::1 at 2016-06-03 14:43:08 -0700


Started GET "/assets/turbolinks.self-c37727e9bd6b2735da5c311aa83fead54ed0be6cc8bd9a65309e9c5abe2cbfff.js?body=1" for ::1 at 2016-06-03 14:43:08 -0700


Started GET "/assets/cars.self-877aef30ae1b040ab8a3aba4e3e309a11d7f2612f44dde450b5c157aa5f95c05.js?body=1" for ::1 at 2016-06-03 14:43:08 -0700


Started GET "/assets/jquery_ujs.self-e87806d0cf4489aeb1bb7288016024e8de67fd18db693fe026fe3907581e53cd.js?body=1" for ::1 at 2016-06-03 14:43:08 -0700


Started GET "/assets/cars.self-e3b0c44298fc1c149afbf4c8996fb92427ae41e4649b934ca495991b7852b855.css?body=1" for ::1 at 2016-06-03 14:43:08 -0700


Started GET "/assets/application.self-3b8dabdc891efe46b9a144b400ad69e37d7e5876bdc39dee783419a69d7ca819.js?body=1" for ::1 at 2016-06-03 14:43:08 -0700


Started GET "/cars/create?make=Acura&model_year=2004" for ::1 at 2016-06-03 14:43:50 -0700
Processing by CarsController#create as HTML
  Parameters: {"make"=>"Acura", "model_year"=>"2004"}
  Rendered cars/create.html.erb within layouts/application (0.1ms)
Completed 200 OK in 13ms (Views: 12.3ms | ActiveRecord: 0.0ms)


Started GET "/" for ::1 at 2016-06-03 14:43:53 -0700
Processing by CarsController#index as HTML
  Rendered cars/index.html.erb within layouts/application (0.1ms)
Completed 200 OK in 13ms (Views: 12.1ms | ActiveRecord: 0.0ms)


Started GET "/assets/cars.self-e3b0c44298fc1c149afbf4c8996fb92427ae41e4649b934ca495991b7852b855.css?body=1" for ::1 at 2016-06-03 14:43:53 -0700


Started GET "/assets/turbolinks.self-c37727e9bd6b2735da5c311aa83fead54ed0be6cc8bd9a65309e9c5abe2cbfff.js?body=1" for ::1 at 2016-06-03 14:43:53 -0700


Started GET "/assets/jquery.self-660adc51e0224b731d29f575a6f1ec167ba08ad06ed5deca4f1e8654c135bf4c.js?body=1" for ::1 at 2016-06-03 14:43:53 -0700


Started GET "/assets/jquery_ujs.self-e87806d0cf4489aeb1bb7288016024e8de67fd18db693fe026fe3907581e53cd.js?body=1" for ::1 at 2016-06-03 14:43:53 -0700


Started GET "/assets/application.self-e80e8f2318043e8af94dddc2adad5a4f09739a8ebb323b3ab31cd71d45fd9113.css?body=1" for ::1 at 2016-06-03 14:43:53 -0700


Started GET "/assets/cars.self-877aef30ae1b040ab8a3aba4e3e309a11d7f2612f44dde450b5c157aa5f95c05.js?body=1" for ::1 at 2016-06-03 14:43:53 -0700


Started GET "/assets/application.self-3b8dabdc891efe46b9a144b400ad69e37d7e5876bdc39dee783419a69d7ca819.js?body=1" for ::1 at 2016-06-03 14:43:53 -0700


Started GET "/cars/create?make=toyota&model_year=4005" for ::1 at 2016-06-03 14:43:59 -0700
Processing by CarsController#create as HTML
  Parameters: {"make"=>"toyota", "model_year"=>"4005"}
  Rendered cars/create.html.erb within layouts/application (0.1ms)
Completed 200 OK in 13ms (Views: 12.6ms | ActiveRecord: 0.0ms)


Started GET "/cars/create?make=aaassalass&model_year=asdad" for ::1 at 2016-06-03 14:44:42 -0700
Processing by CarsController#create as HTML
  Parameters: {"make"=>"aaassalass", "model_year"=>"asdad"}
  Rendered cars/create.html.erb within layouts/application (0.1ms)
Completed 200 OK in 11ms (Views: 11.0ms | ActiveRecord: 0.0ms)


Started GET "/" for ::1 at 2016-06-03 14:44:52 -0700
Processing by CarsController#index as HTML
  Rendered cars/index.html.erb within layouts/application (0.3ms)
Completed 200 OK in 12ms (Views: 11.7ms | ActiveRecord: 0.0ms)


Started GET "/assets/jquery_ujs.self-e87806d0cf4489aeb1bb7288016024e8de67fd18db693fe026fe3907581e53cd.js?body=1" for ::1 at 2016-06-03 14:44:52 -0700


Started GET "/assets/jquery.self-660adc51e0224b731d29f575a6f1ec167ba08ad06ed5deca4f1e8654c135bf4c.js?body=1" for ::1 at 2016-06-03 14:44:52 -0700


Started GET "/assets/cars.self-e3b0c44298fc1c149afbf4c8996fb92427ae41e4649b934ca495991b7852b855.css?body=1" for ::1 at 2016-06-03 14:44:52 -0700


Started GET "/assets/application.self-e80e8f2318043e8af94dddc2adad5a4f09739a8ebb323b3ab31cd71d45fd9113.css?body=1" for ::1 at 2016-06-03 14:44:52 -0700


Started GET "/assets/turbolinks.self-c37727e9bd6b2735da5c311aa83fead54ed0be6cc8bd9a65309e9c5abe2cbfff.js?body=1" for ::1 at 2016-06-03 14:44:52 -0700


Started GET "/assets/cars.self-877aef30ae1b040ab8a3aba4e3e309a11d7f2612f44dde450b5c157aa5f95c05.js?body=1" for ::1 at 2016-06-03 14:44:52 -0700


Started GET "/assets/application.self-3b8dabdc891efe46b9a144b400ad69e37d7e5876bdc39dee783419a69d7ca819.js?body=1" for ::1 at 2016-06-03 14:44:52 -0700


Started GET "/" for ::1 at 2016-06-03 14:55:38 -0700
Processing by CarsController#index as HTML
  Rendered cars/index.html.erb within layouts/application (0.1ms)
Completed 200 OK in 11ms (Views: 10.2ms | ActiveRecord: 0.0ms)


Started GET "/assets/cars.self-e3b0c44298fc1c149afbf4c8996fb92427ae41e4649b934ca495991b7852b855.css?body=1" for ::1 at 2016-06-03 14:55:38 -0700


Started GET "/assets/application.self-e80e8f2318043e8af94dddc2adad5a4f09739a8ebb323b3ab31cd71d45fd9113.css?body=1" for ::1 at 2016-06-03 14:55:38 -0700


Started GET "/assets/jquery_ujs.self-e87806d0cf4489aeb1bb7288016024e8de67fd18db693fe026fe3907581e53cd.js?body=1" for ::1 at 2016-06-03 14:55:38 -0700


Started GET "/assets/jquery.self-660adc51e0224b731d29f575a6f1ec167ba08ad06ed5deca4f1e8654c135bf4c.js?body=1" for ::1 at 2016-06-03 14:55:38 -0700


Started GET "/assets/turbolinks.self-c37727e9bd6b2735da5c311aa83fead54ed0be6cc8bd9a65309e9c5abe2cbfff.js?body=1" for ::1 at 2016-06-03 14:55:38 -0700


Started GET "/assets/cars.self-877aef30ae1b040ab8a3aba4e3e309a11d7f2612f44dde450b5c157aa5f95c05.js?body=1" for ::1 at 2016-06-03 14:55:38 -0700


Started GET "/assets/application.self-3b8dabdc891efe46b9a144b400ad69e37d7e5876bdc39dee783419a69d7ca819.js?body=1" for ::1 at 2016-06-03 14:55:38 -0700


Started GET "/cars/create?make=hode&model_year=1823" for ::1 at 2016-06-03 14:55:45 -0700
Processing by CarsController#create as HTML
  Parameters: {"make"=>"hode", "model_year"=>"1823"}
  Rendered cars/create.html.erb within layouts/application (0.5ms)
Completed 200 OK in 14ms (Views: 13.5ms | ActiveRecord: 0.0ms)


Started GET "/cars/create" for ::1 at 2016-06-03 14:55:47 -0700
Processing by CarsController#create as HTML
  Rendered cars/create.html.erb within layouts/application (0.0ms)
Completed 200 OK in 17ms (Views: 16.1ms | ActiveRecord: 0.0ms)


Started GET "/cars/create" for ::1 at 2016-06-03 14:55:51 -0700
Processing by CarsController#create as HTML
  Rendered cars/create.html.erb within layouts/application (0.1ms)
Completed 200 OK in 15ms (Views: 14.1ms | ActiveRecord: 0.0ms)


Started GET "/cars/create" for ::1 at 2016-06-03 14:55:52 -0700
Processing by CarsController#create as HTML
  Rendered cars/create.html.erb within layouts/application (0.0ms)
Completed 200 OK in 13ms (Views: 12.7ms | ActiveRecord: 0.0ms)


Started GET "/cars/create" for ::1 at 2016-06-03 14:56:24 -0700
Processing by CarsController#create as HTML
  Rendered cars/create.html.erb within layouts/application (0.4ms)
Completed 200 OK in 12ms (Views: 11.7ms | ActiveRecord: 0.0ms)


Started GET "/assets/cars.self-e3b0c44298fc1c149afbf4c8996fb92427ae41e4649b934ca495991b7852b855.css?body=1" for ::1 at 2016-06-03 14:56:24 -0700


Started GET "/assets/cars.self-877aef30ae1b040ab8a3aba4e3e309a11d7f2612f44dde450b5c157aa5f95c05.js?body=1" for ::1 at 2016-06-03 14:56:24 -0700


Started GET "/assets/application.self-e80e8f2318043e8af94dddc2adad5a4f09739a8ebb323b3ab31cd71d45fd9113.css?body=1" for ::1 at 2016-06-03 14:56:24 -0700


Started GET "/assets/jquery.self-660adc51e0224b731d29f575a6f1ec167ba08ad06ed5deca4f1e8654c135bf4c.js?body=1" for ::1 at 2016-06-03 14:56:24 -0700


Started GET "/assets/turbolinks.self-c37727e9bd6b2735da5c311aa83fead54ed0be6cc8bd9a65309e9c5abe2cbfff.js?body=1" for ::1 at 2016-06-03 14:56:24 -0700


Started GET "/assets/jquery_ujs.self-e87806d0cf4489aeb1bb7288016024e8de67fd18db693fe026fe3907581e53cd.js?body=1" for ::1 at 2016-06-03 14:56:24 -0700


Started GET "/assets/application.self-3b8dabdc891efe46b9a144b400ad69e37d7e5876bdc39dee783419a69d7ca819.js?body=1" for ::1 at 2016-06-03 14:56:24 -0700


Started GET "/" for ::1 at 2016-06-03 14:56:34 -0700
Processing by CarsController#index as HTML
  Rendered cars/index.html.erb within layouts/application (0.0ms)
Completed 200 OK in 12ms (Views: 11.7ms | ActiveRecord: 0.0ms)


Started GET "/cars/create?make=freakd&model_year=030234" for ::1 at 2016-06-03 14:56:40 -0700
Processing by CarsController#create as HTML
  Parameters: {"make"=>"freakd", "model_year"=>"030234"}
  Rendered cars/create.html.erb within layouts/application (0.1ms)
Completed 200 OK in 13ms (Views: 12.7ms | ActiveRecord: 0.0ms)


Started GET "/cars/create?make=freakd&model_year=030234" for ::1 at 2016-06-03 15:03:22 -0700
Processing by CarsController#create as HTML
  Parameters: {"make"=>"freakd", "model_year"=>"030234"}
  Rendered cars/create.html.erb within layouts/application (0.1ms)
Completed 200 OK in 13ms (Views: 12.8ms | ActiveRecord: 0.0ms)


Started GET "/assets/cars.self-e3b0c44298fc1c149afbf4c8996fb92427ae41e4649b934ca495991b7852b855.css?body=1" for ::1 at 2016-06-03 15:03:22 -0700


Started GET "/assets/jquery.self-660adc51e0224b731d29f575a6f1ec167ba08ad06ed5deca4f1e8654c135bf4c.js?body=1" for ::1 at 2016-06-03 15:03:22 -0700


Started GET "/assets/application.self-e80e8f2318043e8af94dddc2adad5a4f09739a8ebb323b3ab31cd71d45fd9113.css?body=1" for ::1 at 2016-06-03 15:03:22 -0700


Started GET "/assets/turbolinks.self-c37727e9bd6b2735da5c311aa83fead54ed0be6cc8bd9a65309e9c5abe2cbfff.js?body=1" for ::1 at 2016-06-03 15:03:22 -0700


Started GET "/assets/cars.self-877aef30ae1b040ab8a3aba4e3e309a11d7f2612f44dde450b5c157aa5f95c05.js?body=1" for ::1 at 2016-06-03 15:03:22 -0700


Started GET "/assets/jquery_ujs.self-e87806d0cf4489aeb1bb7288016024e8de67fd18db693fe026fe3907581e53cd.js?body=1" for ::1 at 2016-06-03 15:03:22 -0700


Started GET "/assets/application.self-3b8dabdc891efe46b9a144b400ad69e37d7e5876bdc39dee783419a69d7ca819.js?body=1" for ::1 at 2016-06-03 15:03:22 -0700


Started GET "/" for ::1 at 2016-06-03 16:14:12 -0700
Processing by CarsController#index as HTML
  Rendered cars/index.html.erb within layouts/application (0.0ms)
Completed 200 OK in 14ms (Views: 13.2ms | ActiveRecord: 0.0ms)


Started GET "/cars/create?make=acura&model_year=12313" for ::1 at 2016-06-03 16:14:17 -0700
Processing by CarsController#create as HTML
  Parameters: {"make"=>"acura", "model_year"=>"12313"}
  Rendered cars/create.html.erb within layouts/application (0.4ms)
Completed 200 OK in 20ms (Views: 18.9ms | ActiveRecord: 0.0ms)


Started GET "/cars/create?make=acura&model_year=12313" for ::1 at 2016-06-03 16:15:20 -0700
Processing by CarsController#create as HTML
  Parameters: {"make"=>"acura", "model_year"=>"12313"}
  Rendered cars/create.html.erb within layouts/application (0.4ms)
Completed 200 OK in 14ms (Views: 13.4ms | ActiveRecord: 0.0ms)


Started GET "/assets/jquery.self-660adc51e0224b731d29f575a6f1ec167ba08ad06ed5deca4f1e8654c135bf4c.js?body=1" for ::1 at 2016-06-03 16:15:20 -0700


Started GET "/assets/cars.self-877aef30ae1b040ab8a3aba4e3e309a11d7f2612f44dde450b5c157aa5f95c05.js?body=1" for ::1 at 2016-06-03 16:15:20 -0700


Started GET "/assets/jquery_ujs.self-e87806d0cf4489aeb1bb7288016024e8de67fd18db693fe026fe3907581e53cd.js?body=1" for ::1 at 2016-06-03 16:15:20 -0700


Started GET "/assets/cars.self-e3b0c44298fc1c149afbf4c8996fb92427ae41e4649b934ca495991b7852b855.css?body=1" for ::1 at 2016-06-03 16:15:20 -0700


Started GET "/assets/turbolinks.self-c37727e9bd6b2735da5c311aa83fead54ed0be6cc8bd9a65309e9c5abe2cbfff.js?body=1" for ::1 at 2016-06-03 16:15:20 -0700


Started GET "/assets/application.self-e80e8f2318043e8af94dddc2adad5a4f09739a8ebb323b3ab31cd71d45fd9113.css?body=1" for ::1 at 2016-06-03 16:15:20 -0700


Started GET "/assets/application.self-3b8dabdc891efe46b9a144b400ad69e37d7e5876bdc39dee783419a69d7ca819.js?body=1" for ::1 at 2016-06-03 16:15:20 -0700


Started GET "/cars/accelerate" for ::1 at 2016-06-03 16:15:21 -0700
Processing by CarsController#accelerate as HTML
Completed 500 Internal Server Error in 1ms (ActiveRecord: 0.0ms)

TypeError (no implicit conversion of nil into String):
  app/controllers/cars_controller.rb:12:in `accelerate'


  Rendered /Users/learn/.rvm/gems/ruby-2.2.2/gems/actionpack-4.2.6/lib/action_dispatch/middleware/templates/rescues/_source.erb (4.3ms)
  Rendered /Users/learn/.rvm/gems/ruby-2.2.2/gems/actionpack-4.2.6/lib/action_dispatch/middleware/templates/rescues/_trace.html.erb (2.2ms)
  Rendered /Users/learn/.rvm/gems/ruby-2.2.2/gems/actionpack-4.2.6/lib/action_dispatch/middleware/templates/rescues/_request_and_response.html.erb (1.0ms)
  Rendered /Users/learn/.rvm/gems/ruby-2.2.2/gems/actionpack-4.2.6/lib/action_dispatch/middleware/templates/rescues/diagnostics.html.erb within rescues/layout (50.9ms)
  Rendered /Users/learn/.rvm/gems/ruby-2.2.2/gems/web-console-2.3.0/lib/web_console/templates/_markup.html.erb (0.5ms)
  Rendered /Users/learn/.rvm/gems/ruby-2.2.2/gems/web-console-2.3.0/lib/web_console/templates/_inner_console_markup.html.erb within layouts/inlined_string (0.4ms)
  Rendered /Users/learn/.rvm/gems/ruby-2.2.2/gems/web-console-2.3.0/lib/web_console/templates/_prompt_box_markup.html.erb within layouts/inlined_string (0.3ms)
  Rendered /Users/learn/.rvm/gems/ruby-2.2.2/gems/web-console-2.3.0/lib/web_console/templates/style.css.erb within layouts/inlined_string (0.4ms)
  Rendered /Users/learn/.rvm/gems/ruby-2.2.2/gems/web-console-2.3.0/lib/web_console/templates/console.js.erb within layouts/javascript (58.9ms)
  Rendered /Users/learn/.rvm/gems/ruby-2.2.2/gems/web-console-2.3.0/lib/web_console/templates/main.js.erb within layouts/javascript (0.3ms)
  Rendered /Users/learn/.rvm/gems/ruby-2.2.2/gems/web-console-2.3.0/lib/web_console/templates/error_page.js.erb within layouts/javascript (0.4ms)
  Rendered /Users/learn/.rvm/gems/ruby-2.2.2/gems/web-console-2.3.0/lib/web_console/templates/index.html.erb (126.1ms)


Started GET "/" for ::1 at 2016-06-03 16:17:23 -0700
Processing by CarsController#index as HTML
  Rendered cars/index.html.erb within layouts/application (0.0ms)
Completed 200 OK in 14ms (Views: 14.0ms | ActiveRecord: 0.0ms)


Started GET "/cars/create?make=fsfd&model_year=7757" for ::1 at 2016-06-03 16:17:31 -0700
Processing by CarsController#create as HTML
  Parameters: {"make"=>"fsfd", "model_year"=>"7757"}
  Rendered cars/create.html.erb within layouts/application (0.1ms)
Completed 200 OK in 12ms (Views: 10.7ms | ActiveRecord: 0.0ms)


Started GET "/cars/accelerate" for ::1 at 2016-06-03 16:17:32 -0700
Processing by CarsController#accelerate as HTML
  Rendered cars/create.html.erb within layouts/application (0.4ms)
Completed 200 OK in 13ms (Views: 11.7ms | ActiveRecord: 0.0ms)


Started GET "/cars/accelerate" for ::1 at 2016-06-03 16:17:33 -0700
Processing by CarsController#accelerate as HTML
  Rendered cars/create.html.erb within layouts/application (0.1ms)
Completed 200 OK in 12ms (Views: 10.8ms | ActiveRecord: 0.0ms)


Started GET "/cars/accelerate" for ::1 at 2016-06-03 16:17:33 -0700
Processing by CarsController#accelerate as HTML
  Rendered cars/create.html.erb within layouts/application (0.1ms)
Completed 200 OK in 12ms (Views: 11.4ms | ActiveRecord: 0.0ms)


Started GET "/cars/accelerate" for ::1 at 2016-06-03 16:17:33 -0700
Processing by CarsController#accelerate as HTML
  Rendered cars/create.html.erb within layouts/application (0.1ms)
Completed 200 OK in 13ms (Views: 12.3ms | ActiveRecord: 0.0ms)


Started GET "/cars/accelerate" for ::1 at 2016-06-03 16:17:33 -0700
Processing by CarsController#accelerate as HTML
  Rendered cars/create.html.erb within layouts/application (0.1ms)
Completed 200 OK in 15ms (Views: 14.3ms | ActiveRecord: 0.0ms)


Started GET "/cars/accelerate" for ::1 at 2016-06-03 16:17:33 -0700
Processing by CarsController#accelerate as HTML
  Rendered cars/create.html.erb within layouts/application (0.1ms)
Completed 200 OK in 13ms (Views: 12.1ms | ActiveRecord: 0.0ms)


Started GET "/cars/accelerate" for ::1 at 2016-06-03 16:17:33 -0700
Processing by CarsController#accelerate as HTML
  Rendered cars/create.html.erb within layouts/application (0.1ms)
Completed 200 OK in 13ms (Views: 12.4ms | ActiveRecord: 0.0ms)


Started GET "/cars/accelerate" for ::1 at 2016-06-03 16:17:34 -0700
Processing by CarsController#accelerate as HTML
  Rendered cars/create.html.erb within layouts/application (0.2ms)
Completed 200 OK in 13ms (Views: 12.1ms | ActiveRecord: 0.0ms)


Started GET "/cars/accelerate" for ::1 at 2016-06-03 16:17:34 -0700
Processing by CarsController#accelerate as HTML
  Rendered cars/create.html.erb within layouts/application (0.1ms)
Completed 200 OK in 14ms (Views: 12.7ms | ActiveRecord: 0.0ms)


Started GET "/cars/accelerate" for ::1 at 2016-06-03 16:17:34 -0700
Processing by CarsController#accelerate as HTML
  Rendered cars/create.html.erb within layouts/application (0.1ms)
Completed 200 OK in 15ms (Views: 13.9ms | ActiveRecord: 0.0ms)


Started GET "/cars/accelerate" for ::1 at 2016-06-03 16:17:34 -0700
Processing by CarsController#accelerate as HTML
  Rendered cars/create.html.erb within layouts/application (0.1ms)
Completed 200 OK in 17ms (Views: 15.9ms | ActiveRecord: 0.0ms)


Started GET "/cars/accelerate" for ::1 at 2016-06-03 16:17:35 -0700
Processing by CarsController#accelerate as HTML
  Rendered cars/create.html.erb within layouts/application (0.1ms)
Completed 200 OK in 17ms (Views: 16.2ms | ActiveRecord: 0.0ms)


Started GET "/cars/accelerate" for ::1 at 2016-06-03 16:17:35 -0700
Processing by CarsController#accelerate as HTML
  Rendered cars/create.html.erb within layouts/application (0.1ms)
Completed 200 OK in 14ms (Views: 13.3ms | ActiveRecord: 0.0ms)


Started GET "/cars/accelerate" for ::1 at 2016-06-03 16:17:35 -0700
Processing by CarsController#accelerate as HTML
  Rendered cars/create.html.erb within layouts/application (0.2ms)
Completed 200 OK in 15ms (Views: 14.3ms | ActiveRecord: 0.0ms)


Started GET "/cars/accelerate" for ::1 at 2016-06-03 16:17:35 -0700
Processing by CarsController#accelerate as HTML
  Rendered cars/create.html.erb within layouts/application (0.1ms)
Completed 200 OK in 14ms (Views: 12.9ms | ActiveRecord: 0.0ms)


Started GET "/cars/accelerate" for ::1 at 2016-06-03 16:17:35 -0700
Processing by CarsController#accelerate as HTML
  Rendered cars/create.html.erb within layouts/application (0.1ms)
Completed 200 OK in 11ms (Views: 10.7ms | ActiveRecord: 0.0ms)


Started GET "/cars/accelerate" for ::1 at 2016-06-03 16:17:35 -0700
Processing by CarsController#accelerate as HTML
  Rendered cars/create.html.erb within layouts/application (0.1ms)
Completed 200 OK in 13ms (Views: 12.2ms | ActiveRecord: 0.0ms)


Started GET "/cars/accelerate" for ::1 at 2016-06-03 16:17:48 -0700
Processing by CarsController#accelerate as HTML
  Rendered cars/create.html.erb within layouts/application (0.1ms)
Completed 200 OK in 11ms (Views: 10.5ms | ActiveRecord: 0.0ms)


Started GET "/cars/accelerate" for ::1 at 2016-06-03 16:17:48 -0700
Processing by CarsController#accelerate as HTML
  Rendered cars/create.html.erb within layouts/application (0.1ms)
Completed 200 OK in 18ms (Views: 17.1ms | ActiveRecord: 0.0ms)


Started GET "/cars/create?make=hondad&model_year=2013" for ::1 at 2016-06-03 16:20:20 -0700
Processing by CarsController#create as HTML
  Parameters: {"make"=>"hondad", "model_year"=>"2013"}
  Rendered cars/create.html.erb within layouts/application (0.1ms)
Completed 200 OK in 15ms (Views: 14.7ms | ActiveRecord: 0.0ms)


Started GET "/cars/accelerate" for ::1 at 2016-06-03 16:20:24 -0700
Processing by CarsController#accelerate as HTML
  Rendered cars/create.html.erb within layouts/application (0.1ms)
Completed 200 OK in 14ms (Views: 13.6ms | ActiveRecord: 0.0ms)


Started GET "/cars/accelerate" for ::1 at 2016-06-03 16:20:25 -0700
Processing by CarsController#accelerate as HTML
  Rendered cars/create.html.erb within layouts/application (0.1ms)
Completed 200 OK in 14ms (Views: 12.6ms | ActiveRecord: 0.0ms)


Started GET "/cars/accelerate" for ::1 at 2016-06-03 16:20:26 -0700
Processing by CarsController#accelerate as HTML
  Rendered cars/create.html.erb within layouts/application (0.1ms)
Completed 200 OK in 13ms (Views: 11.8ms | ActiveRecord: 0.0ms)


Started GET "/cars/accelerate" for ::1 at 2016-06-03 16:20:26 -0700
Processing by CarsController#accelerate as HTML
  Rendered cars/create.html.erb within layouts/application (0.1ms)
Completed 200 OK in 13ms (Views: 12.6ms | ActiveRecord: 0.0ms)


Started GET "/cars/accelerate" for ::1 at 2016-06-03 16:20:26 -0700
Processing by CarsController#accelerate as HTML
  Rendered cars/create.html.erb within layouts/application (0.1ms)
Completed 200 OK in 12ms (Views: 11.4ms | ActiveRecord: 0.0ms)


Started GET "/cars/accelerate" for ::1 at 2016-06-03 16:20:26 -0700
Processing by CarsController#accelerate as HTML
  Rendered cars/create.html.erb within layouts/application (0.1ms)
Completed 200 OK in 13ms (Views: 11.8ms | ActiveRecord: 0.0ms)


Started GET "/cars/accelerate" for ::1 at 2016-06-03 16:20:26 -0700
Processing by CarsController#accelerate as HTML
  Rendered cars/create.html.erb within layouts/application (0.1ms)
Completed 200 OK in 14ms (Views: 12.9ms | ActiveRecord: 0.0ms)


Started GET "/cars/accelerate" for ::1 at 2016-06-03 16:20:28 -0700
Processing by CarsController#accelerate as HTML
  Rendered cars/create.html.erb within layouts/application (0.1ms)
Completed 200 OK in 19ms (Views: 17.2ms | ActiveRecord: 0.0ms)


Started GET "/cars/accelerate" for ::1 at 2016-06-03 16:20:28 -0700
Processing by CarsController#accelerate as HTML
  Rendered cars/create.html.erb within layouts/application (0.1ms)
Completed 200 OK in 14ms (Views: 13.0ms | ActiveRecord: 0.0ms)


Started GET "/cars/accelerate" for ::1 at 2016-06-03 16:20:28 -0700
Processing by CarsController#accelerate as HTML
  Rendered cars/create.html.erb within layouts/application (0.1ms)
Completed 200 OK in 14ms (Views: 12.8ms | ActiveRecord: 0.0ms)


Started GET "/cars/accelerate" for ::1 at 2016-06-03 16:20:28 -0700
Processing by CarsController#accelerate as HTML
  Rendered cars/create.html.erb within layouts/application (0.1ms)
Completed 200 OK in 14ms (Views: 13.0ms | ActiveRecord: 0.0ms)


Started GET "/cars/accelerate" for ::1 at 2016-06-03 16:20:28 -0700
Processing by CarsController#accelerate as HTML
  Rendered cars/create.html.erb within layouts/application (0.1ms)
Completed 200 OK in 11ms (Views: 10.4ms | ActiveRecord: 0.0ms)


Started GET "/cars/accelerate" for ::1 at 2016-06-03 16:35:57 -0700
Processing by CarsController#accelerate as HTML
  Rendered cars/create.html.erb within layouts/application (0.4ms)
Completed 200 OK in 13ms (Views: 11.8ms | ActiveRecord: 0.0ms)


Started GET "/assets/cars.self-e3b0c44298fc1c149afbf4c8996fb92427ae41e4649b934ca495991b7852b855.css?body=1" for ::1 at 2016-06-03 16:35:57 -0700


Started GET "/assets/jquery_ujs.self-e87806d0cf4489aeb1bb7288016024e8de67fd18db693fe026fe3907581e53cd.js?body=1" for ::1 at 2016-06-03 16:35:57 -0700


Started GET "/assets/application.self-e80e8f2318043e8af94dddc2adad5a4f09739a8ebb323b3ab31cd71d45fd9113.css?body=1" for ::1 at 2016-06-03 16:35:57 -0700


Started GET "/assets/jquery.self-660adc51e0224b731d29f575a6f1ec167ba08ad06ed5deca4f1e8654c135bf4c.js?body=1" for ::1 at 2016-06-03 16:35:57 -0700


Started GET "/assets/turbolinks.self-c37727e9bd6b2735da5c311aa83fead54ed0be6cc8bd9a65309e9c5abe2cbfff.js?body=1" for ::1 at 2016-06-03 16:35:57 -0700


Started GET "/assets/application.self-3b8dabdc891efe46b9a144b400ad69e37d7e5876bdc39dee783419a69d7ca819.js?body=1" for ::1 at 2016-06-03 16:35:57 -0700


Started GET "/assets/cars.self-877aef30ae1b040ab8a3aba4e3e309a11d7f2612f44dde450b5c157aa5f95c05.js?body=1" for ::1 at 2016-06-03 16:35:57 -0700


Started GET "/cars/accelerate" for ::1 at 2016-06-03 16:36:13 -0700
Processing by CarsController#accelerate as HTML
  Rendered cars/create.html.erb within layouts/application (0.1ms)
Completed 200 OK in 15ms (Views: 13.8ms | ActiveRecord: 0.0ms)


Started GET "/cars/accelerate" for ::1 at 2016-06-03 16:36:14 -0700
Processing by CarsController#accelerate as HTML
  Rendered cars/create.html.erb within layouts/application (0.1ms)
Completed 200 OK in 14ms (Views: 13.0ms | ActiveRecord: 0.0ms)


Started GET "/cars/accelerate" for ::1 at 2016-06-03 16:36:14 -0700
Processing by CarsController#accelerate as HTML
  Rendered cars/create.html.erb within layouts/application (0.1ms)
Completed 200 OK in 14ms (Views: 12.7ms | ActiveRecord: 0.0ms)


Started GET "/cars/accelerate" for ::1 at 2016-06-03 16:36:14 -0700
Processing by CarsController#accelerate as HTML
  Rendered cars/create.html.erb within layouts/application (0.1ms)
Completed 200 OK in 12ms (Views: 11.6ms | ActiveRecord: 0.0ms)


Started GET "/cars/accelerate" for ::1 at 2016-06-03 16:36:14 -0700
Processing by CarsController#accelerate as HTML
  Rendered cars/create.html.erb within layouts/application (0.1ms)
Completed 200 OK in 12ms (Views: 11.5ms | ActiveRecord: 0.0ms)


Started GET "/cars/accelerate" for ::1 at 2016-06-03 16:36:14 -0700
Processing by CarsController#accelerate as HTML
  Rendered cars/create.html.erb within layouts/application (0.1ms)
Completed 200 OK in 13ms (Views: 12.5ms | ActiveRecord: 0.0ms)


Started GET "/cars/accelerate" for ::1 at 2016-06-03 16:36:14 -0700
Processing by CarsController#accelerate as HTML
  Rendered cars/create.html.erb within layouts/application (0.1ms)
Completed 200 OK in 12ms (Views: 11.4ms | ActiveRecord: 0.0ms)


Started GET "/cars/accelerate" for ::1 at 2016-06-03 16:36:14 -0700
Processing by CarsController#accelerate as HTML
  Rendered cars/create.html.erb within layouts/application (0.1ms)
Completed 200 OK in 14ms (Views: 13.0ms | ActiveRecord: 0.0ms)


Started GET "/cars/accelerate" for ::1 at 2016-06-03 16:36:15 -0700
Processing by CarsController#accelerate as HTML
  Rendered cars/create.html.erb within layouts/application (0.1ms)
Completed 200 OK in 14ms (Views: 12.9ms | ActiveRecord: 0.0ms)


Started GET "/cars/accelerate" for ::1 at 2016-06-03 16:36:15 -0700
Processing by CarsController#accelerate as HTML
  Rendered cars/create.html.erb within layouts/application (0.1ms)
Completed 200 OK in 13ms (Views: 11.8ms | ActiveRecord: 0.0ms)


Started GET "/cars/accelerate" for ::1 at 2016-06-03 16:36:15 -0700
Processing by CarsController#accelerate as HTML
  Rendered cars/create.html.erb within layouts/application (0.1ms)
Completed 200 OK in 14ms (Views: 13.2ms | ActiveRecord: 0.0ms)


Started GET "/cars/accelerate" for ::1 at 2016-06-03 16:36:15 -0700
Processing by CarsController#accelerate as HTML
  Rendered cars/create.html.erb within layouts/application (0.1ms)
Completed 200 OK in 14ms (Views: 12.9ms | ActiveRecord: 0.0ms)


Started GET "/cars/accelerate" for ::1 at 2016-06-03 16:36:15 -0700
Processing by CarsController#accelerate as HTML
  Rendered cars/create.html.erb within layouts/application (0.1ms)
Completed 200 OK in 12ms (Views: 11.4ms | ActiveRecord: 0.0ms)


Started GET "/cars/accelerate" for ::1 at 2016-06-03 16:36:15 -0700
Processing by CarsController#accelerate as HTML
  Rendered cars/create.html.erb within layouts/application (0.1ms)
Completed 200 OK in 12ms (Views: 11.3ms | ActiveRecord: 0.0ms)


Started GET "/cars/accelerate" for ::1 at 2016-06-03 16:36:16 -0700
Processing by CarsController#accelerate as HTML
  Rendered cars/create.html.erb within layouts/application (0.1ms)
Completed 200 OK in 19ms (Views: 18.3ms | ActiveRecord: 0.0ms)


Started GET "/cars/accelerate" for ::1 at 2016-06-03 16:36:16 -0700
Processing by CarsController#accelerate as HTML
  Rendered cars/create.html.erb within layouts/application (0.1ms)
Completed 200 OK in 14ms (Views: 13.6ms | ActiveRecord: 0.0ms)


Started GET "/cars/accelerate" for ::1 at 2016-06-03 16:38:03 -0700
Processing by CarsController#accelerate as HTML
Completed 500 Internal Server Error in 1ms (ActiveRecord: 0.0ms)

ArgumentError (undefined class/module Car):
  app/controllers/cars_controller.rb:13:in `accelerate'


  Rendered /Users/learn/.rvm/gems/ruby-2.2.2/gems/actionpack-4.2.6/lib/action_dispatch/middleware/templates/rescues/_source.erb (4.8ms)
  Rendered /Users/learn/.rvm/gems/ruby-2.2.2/gems/actionpack-4.2.6/lib/action_dispatch/middleware/templates/rescues/_trace.html.erb (2.5ms)
  Rendered /Users/learn/.rvm/gems/ruby-2.2.2/gems/actionpack-4.2.6/lib/action_dispatch/middleware/templates/rescues/_request_and_response.html.erb (0.8ms)
  Rendered /Users/learn/.rvm/gems/ruby-2.2.2/gems/actionpack-4.2.6/lib/action_dispatch/middleware/templates/rescues/diagnostics.html.erb within rescues/layout (50.9ms)
  Rendered /Users/learn/.rvm/gems/ruby-2.2.2/gems/web-console-2.3.0/lib/web_console/templates/_markup.html.erb (0.4ms)
  Rendered /Users/learn/.rvm/gems/ruby-2.2.2/gems/web-console-2.3.0/lib/web_console/templates/_inner_console_markup.html.erb within layouts/inlined_string (0.4ms)
  Rendered /Users/learn/.rvm/gems/ruby-2.2.2/gems/web-console-2.3.0/lib/web_console/templates/_prompt_box_markup.html.erb within layouts/inlined_string (0.3ms)
  Rendered /Users/learn/.rvm/gems/ruby-2.2.2/gems/web-console-2.3.0/lib/web_console/templates/style.css.erb within layouts/inlined_string (0.3ms)
  Rendered /Users/learn/.rvm/gems/ruby-2.2.2/gems/web-console-2.3.0/lib/web_console/templates/console.js.erb within layouts/javascript (42.7ms)
  Rendered /Users/learn/.rvm/gems/ruby-2.2.2/gems/web-console-2.3.0/lib/web_console/templates/main.js.erb within layouts/javascript (0.4ms)
  Rendered /Users/learn/.rvm/gems/ruby-2.2.2/gems/web-console-2.3.0/lib/web_console/templates/error_page.js.erb within layouts/javascript (0.4ms)
  Rendered /Users/learn/.rvm/gems/ruby-2.2.2/gems/web-console-2.3.0/lib/web_console/templates/index.html.erb (93.4ms)


Started GET "/cars/accelerate" for ::1 at 2016-06-03 16:38:34 -0700
Processing by CarsController#accelerate as HTML
Completed 500 Internal Server Error in 1ms (ActiveRecord: 0.0ms)

ArgumentError (undefined class/module Car):
  app/controllers/cars_controller.rb:13:in `accelerate'


  Rendered /Users/learn/.rvm/gems/ruby-2.2.2/gems/actionpack-4.2.6/lib/action_dispatch/middleware/templates/rescues/_source.erb (5.5ms)
  Rendered /Users/learn/.rvm/gems/ruby-2.2.2/gems/actionpack-4.2.6/lib/action_dispatch/middleware/templates/rescues/_trace.html.erb (4.1ms)
  Rendered /Users/learn/.rvm/gems/ruby-2.2.2/gems/actionpack-4.2.6/lib/action_dispatch/middleware/templates/rescues/_request_and_response.html.erb (1.0ms)
  Rendered /Users/learn/.rvm/gems/ruby-2.2.2/gems/actionpack-4.2.6/lib/action_dispatch/middleware/templates/rescues/diagnostics.html.erb within rescues/layout (53.9ms)
  Rendered /Users/learn/.rvm/gems/ruby-2.2.2/gems/web-console-2.3.0/lib/web_console/templates/_markup.html.erb (0.5ms)
  Rendered /Users/learn/.rvm/gems/ruby-2.2.2/gems/web-console-2.3.0/lib/web_console/templates/_inner_console_markup.html.erb within layouts/inlined_string (0.4ms)
  Rendered /Users/learn/.rvm/gems/ruby-2.2.2/gems/web-console-2.3.0/lib/web_console/templates/_prompt_box_markup.html.erb within layouts/inlined_string (0.4ms)
  Rendered /Users/learn/.rvm/gems/ruby-2.2.2/gems/web-console-2.3.0/lib/web_console/templates/style.css.erb within layouts/inlined_string (0.3ms)
  Rendered /Users/learn/.rvm/gems/ruby-2.2.2/gems/web-console-2.3.0/lib/web_console/templates/console.js.erb within layouts/javascript (40.9ms)
  Rendered /Users/learn/.rvm/gems/ruby-2.2.2/gems/web-console-2.3.0/lib/web_console/templates/main.js.erb within layouts/javascript (0.3ms)
  Rendered /Users/learn/.rvm/gems/ruby-2.2.2/gems/web-console-2.3.0/lib/web_console/templates/error_page.js.erb within layouts/javascript (0.5ms)
  Rendered /Users/learn/.rvm/gems/ruby-2.2.2/gems/web-console-2.3.0/lib/web_console/templates/index.html.erb (90.2ms)


Started GET "/" for ::1 at 2016-06-03 16:38:38 -0700
Processing by CarsController#index as HTML
  Rendered cars/index.html.erb within layouts/application (0.0ms)
Completed 200 OK in 14ms (Views: 13.8ms | ActiveRecord: 0.0ms)


Started GET "/cars/create?make=acura&model_year=2313" for ::1 at 2016-06-03 16:38:42 -0700
Processing by CarsController#create as HTML
  Parameters: {"make"=>"acura", "model_year"=>"2313"}
  Rendered cars/create.html.erb within layouts/application (0.4ms)
Completed 200 OK in 14ms (Views: 12.8ms | ActiveRecord: 0.0ms)


Started GET "/cars/accelerate" for ::1 at 2016-06-03 16:38:43 -0700
Processing by CarsController#accelerate as HTML
  Rendered cars/create.html.erb within layouts/application (0.1ms)
Completed 200 OK in 13ms (Views: 12.1ms | ActiveRecord: 0.0ms)


Started GET "/cars/accelerate" for ::1 at 2016-06-03 16:38:44 -0700
Processing by CarsController#accelerate as HTML
  Rendered cars/create.html.erb within layouts/application (0.1ms)
Completed 200 OK in 12ms (Views: 11.5ms | ActiveRecord: 0.0ms)


Started GET "/cars/accelerate" for ::1 at 2016-06-03 16:38:45 -0700
Processing by CarsController#accelerate as HTML
  Rendered cars/create.html.erb within layouts/application (0.1ms)
Completed 200 OK in 13ms (Views: 12.4ms | ActiveRecord: 0.0ms)
